[0920/110300.272:WARNING:chrome_command_line_pref_store.cc(119)] Additional command-line proxy switches specified when --no-proxy-server was also specified.
[0920/110300.305:WARNING:chrome_command_line_pref_store.cc(119)] Additional command-line proxy switches specified when --no-proxy-server was also specified.
[0920/110304.845:WARNING:browser_info.cc(298)] Returning a speculative frame for 30064771078 [7,6]
[0920/110304.845:WARNING:browser_info.cc(298)] Returning a speculative frame for 30064771078 [7,6]
[0920/110304.845:WARNING:browser_info.cc(298)] Returning a speculative frame for 30064771078 [7,6]
[0920/110304.845:WARNING:browser_info.cc(298)] Returning a speculative frame for 30064771078 [7,6]
[0920/110309.363:WARNING:browser_info.cc(298)] Returning a speculative frame for 30064771078 [7,6]
[0920/110313.005:WARNING:browser_info.cc(298)] Returning a speculative frame for 34359738375 [8,7]
[0920/110313.005:WARNING:browser_info.cc(298)] Returning a speculative frame for 34359738375 [8,7]
[0920/110313.005:WARNING:browser_info.cc(298)] Returning a speculative frame for 34359738375 [8,7]
[0920/110313.005:WARNING:browser_info.cc(298)] Returning a speculative frame for 34359738375 [8,7]
[0920/110314.846:WARNING:browser_info.cc(298)] Returning a speculative frame for 34359738375 [8,7]
[0920/110331.549:WARNING:sqlite_persistent_store_backend_base.cc(172)] Failed to post task from FlushAndNotifyInBackground@net/extras/sqlite/sqlite_persistent_store_backend_base.cc:220 to client_task_runner_.
[0920/110331.549:WARNING:sqlite_persistent_store_backend_base.cc(172)] Failed to post task from FlushAndNotifyInBackground@net/extras/sqlite/sqlite_persistent_store_backend_base.cc:220 to client_task_runner_.
[0920/110502.384:WARNING:chrome_command_line_pref_store.cc(119)] Additional command-line proxy switches specified when --no-proxy-server was also specified.
[0920/110502.408:WARNING:chrome_command_line_pref_store.cc(119)] Additional command-line proxy switches specified when --no-proxy-server was also specified.
[0920/110506.307:WARNING:browser_info.cc(298)] Returning a speculative frame for 30064771078 [7,6]
[0920/110506.308:WARNING:browser_info.cc(298)] Returning a speculative frame for 30064771078 [7,6]
[0920/110506.308:WARNING:browser_info.cc(298)] Returning a speculative frame for 30064771078 [7,6]
[0920/110506.308:WARNING:browser_info.cc(298)] Returning a speculative frame for 30064771078 [7,6]
[0920/110508.438:WARNING:browser_info.cc(298)] Returning a speculative frame for 30064771078 [7,6]
[0920/110508.503:WARNING:pref_notifier_impl.cc(61)] Init observer found at shutdown.
[0920/110508.505:WARNING:sqlite_persistent_store_backend_base.cc(172)] Failed to post task from LoadNelPoliciesAndNotifyInBackground@net/extras/sqlite/sqlite_persistent_reporting_and_nel_store.cc:1355 to client_task_runner_.
[0920/110547.140:WARNING:chrome_command_line_pref_store.cc(119)] Additional command-line proxy switches specified when --no-proxy-server was also specified.
[0920/110547.165:WARNING:chrome_command_line_pref_store.cc(119)] Additional command-line proxy switches specified when --no-proxy-server was also specified.
[0920/110550.000:WARNING:browser_info.cc(298)] Returning a speculative frame for 30064771078 [7,6]
[0920/110550.001:WARNING:browser_info.cc(298)] Returning a speculative frame for 30064771078 [7,6]
[0920/110550.001:WARNING:browser_info.cc(298)] Returning a speculative frame for 30064771078 [7,6]
[0920/110550.002:WARNING:browser_info.cc(298)] Returning a speculative frame for 30064771078 [7,6]
[0920/110553.546:WARNING:browser_info.cc(298)] Returning a speculative frame for 30064771078 [7,6]
[0920/110556.760:WARNING:browser_info.cc(298)] Returning a speculative frame for 34359738375 [8,7]
[0920/110556.760:WARNING:browser_info.cc(298)] Returning a speculative frame for 34359738375 [8,7]
[0920/110556.760:WARNING:browser_info.cc(298)] Returning a speculative frame for 34359738375 [8,7]
[0920/110556.760:WARNING:browser_info.cc(298)] Returning a speculative frame for 34359738375 [8,7]
[0920/110559.008:WARNING:browser_info.cc(298)] Returning a speculative frame for 34359738375 [8,7]
[0920/110609.626:WARNING:sqlite_persistent_store_backend_base.cc(172)] Failed to post task from FlushAndNotifyInBackground@net/extras/sqlite/sqlite_persistent_store_backend_base.cc:220 to client_task_runner_.
[0920/110609.626:WARNING:sqlite_persistent_store_backend_base.cc(172)] Failed to post task from FlushAndNotifyInBackground@net/extras/sqlite/sqlite_persistent_store_backend_base.cc:220 to client_task_runner_.
[0920/110620.543:WARNING:chrome_command_line_pref_store.cc(119)] Additional command-line proxy switches specified when --no-proxy-server was also specified.
[0920/110620.569:WARNING:chrome_command_line_pref_store.cc(119)] Additional command-line proxy switches specified when --no-proxy-server was also specified.
[0920/110623.507:WARNING:browser_info.cc(298)] Returning a speculative frame for 30064771078 [7,6]
[0920/110623.509:WARNING:browser_info.cc(298)] Returning a speculative frame for 30064771078 [7,6]
[0920/110623.510:WARNING:browser_info.cc(298)] Returning a speculative frame for 30064771078 [7,6]
[0920/110623.511:WARNING:browser_info.cc(298)] Returning a speculative frame for 30064771078 [7,6]
[0920/110626.539:WARNING:browser_info.cc(298)] Returning a speculative frame for 30064771078 [7,6]
[0920/110629.508:WARNING:browser_info.cc(298)] Returning a speculative frame for 34359738375 [8,7]
[0920/110629.509:WARNING:browser_info.cc(298)] Returning a speculative frame for 34359738375 [8,7]
[0920/110629.509:WARNING:browser_info.cc(298)] Returning a speculative frame for 34359738375 [8,7]
[0920/110629.509:WARNING:browser_info.cc(298)] Returning a speculative frame for 34359738375 [8,7]
[0920/110632.368:WARNING:browser_info.cc(298)] Returning a speculative frame for 34359738375 [8,7]
